#
# There is insufficient memory for the Java Runtime Environment to continue.
# Native memory allocation (malloc) failed to allocate 132120576 bytes for committing reserved memory.
# Possible reasons:
#   The system is out of physical RAM or swap space
#   In 32 bit mode, the process size limit was hit
# Possible solutions:
#   Reduce memory load on the system
#   Increase physical memory or swap space
#   Check if swap backing store is full
#   Use 64 bit Java on a 64 bit OS
#   Decrease Java heap size (-Xmx/-Xms)
#   Decrease number of Java threads
#   Decrease Java thread stack sizes (-Xss)
#   Set larger code cache with -XX:ReservedCodeCacheSize=
# This output file may be truncated or incomplete.
#
#  Out of Memory Error (os_linux.cpp:2809), pid=7786, tid=139872796268288
#
# JRE version: OpenJDK Runtime Environment (7.0_79-b14) (build 1.7.0_79-b14)
# Java VM: OpenJDK 64-Bit Server VM (24.79-b02 mixed mode linux-amd64 compressed oops)
# Derivative: IcedTea 2.5.5
# Distribution: Ubuntu 14.04 LTS, package 7u79-2.5.5-0ubuntu0.14.04.2
# Failed to write core dump. Core dumps have been disabled. To enable core dumping, try "ulimit -c unlimited" before starting Java again
#

---------------  T H R E A D  ---------------

Current thread (0x00007f36b4075800):  VMThread [stack: 0x00007f36ac45d000,0x00007f36ac55e000] [id=7796]

Stack: [0x00007f36ac45d000,0x00007f36ac55e000],  sp=0x00007f36ac55c490,  free space=1021k
Native frames: (J=compiled Java code, j=interpreted, Vv=VM code, C=native code)
V  [libjvm.so+0x94aec5]  VMError::report_and_die()+0x175
V  [libjvm.so+0x48b9c4]  report_vm_out_of_memory(char const*, int, unsigned long, char const*)+0x74
V  [libjvm.so+0x7c806b]  os::pd_commit_memory(char*, unsigned long, unsigned long, bool)+0xeb
V  [libjvm.so+0x7c2b0f]  os::commit_memory(char*, unsigned long, unsigned long, bool)+0x1f
V  [libjvm.so+0x83500b]  PSVirtualSpace::expand_by(unsigned long)+0x5b
V  [libjvm.so+0x824d5b]  PSOldGen::expand_by(unsigned long) [clone .part.80]+0x1b
V  [libjvm.so+0x824f1b]  PSOldGen::expand(unsigned long) [clone .part.81]+0xdb
V  [libjvm.so+0x825e48]  PSOldGen::resize(unsigned long)+0x188
V  [libjvm.so+0x82cf14]  PSParallelCompact::invoke_no_policy(bool)+0x9c4
V  [libjvm.so+0x83314d]  PSScavenge::invoke()+0x17d
V  [libjvm.so+0x7e96f3]  ParallelScavengeHeap::failed_mem_allocate(unsigned long)+0x63
V  [libjvm.so+0x94c8c4]  VM_ParallelGCFailedAllocation::doit()+0x84
V  [libjvm.so+0x950dc7]  VM_Operation::evaluate()+0x47
V  [libjvm.so+0x94f738]  VMThread::evaluate_operation(VM_Operation*)+0x318
V  [libjvm.so+0x94fb99]  VMThread::loop()+0x219
V  [libjvm.so+0x94ffe2]  VMThread::run()+0x72
V  [libjvm.so+0x7c4f32]  java_start(Thread*)+0xf2

VM_Operation (0x00007f36baa39800): ParallelGCFailedAllocation, mode: safepoint, requested by thread 0x00007f36b400a000


---------------  P R O C E S S  ---------------

Java Threads: ( => current thread )
  0x00007f36b40b0800 JavaThread "Service Thread" daemon [_thread_blocked, id=7802, stack(0x00007f3697717000,0x00007f3697818000)]
  0x00007f36b40ae000 JavaThread "C2 CompilerThread1" daemon [_thread_blocked, id=7801, stack(0x00007f3697818000,0x00007f3697919000)]
  0x00007f36b40ab000 JavaThread "C2 CompilerThread0" daemon [_thread_blocked, id=7800, stack(0x00007f36ac059000,0x00007f36ac15a000)]
  0x00007f36b40a9000 JavaThread "Signal Dispatcher" daemon [_thread_blocked, id=7799, stack(0x00007f36ac15a000,0x00007f36ac25b000)]
  0x00007f36b407b800 JavaThread "Finalizer" daemon [_thread_blocked, id=7798, stack(0x00007f36ac25b000,0x00007f36ac35c000)]
  0x00007f36b4079800 JavaThread "Reference Handler" daemon [_thread_blocked, id=7797, stack(0x00007f36ac35c000,0x00007f36ac45d000)]
  0x00007f36b400a000 JavaThread "main" [_thread_blocked, id=7788, stack(0x00007f36ba93a000,0x00007f36baa3b000)]

Other Threads:
=>0x00007f36b4075800 VMThread [stack: 0x00007f36ac45d000,0x00007f36ac55e000] [id=7796]
  0x00007f36b40bb000 WatcherThread [stack: 0x00007f3697616000,0x00007f3697717000] [id=7803]

VM state:at safepoint (normal execution)

VM Mutex/Monitor currently owned by a thread:  ([mutex/lock_event])
[0x00007f36b4005d20] ExpandHeap_lock - owner thread: 0x00007f36b4075800
[0x00007f36b40063a0] Threads_lock - owner thread: 0x00007f36b4075800
[0x00007f36b40068a0] Heap_lock - owner thread: 0x00007f36b400a000

Heap
 PSYoungGen      total 217600K, used 0K [0x00000000ebe00000, 0x0000000100000000, 0x0000000100000000)
  eden space 126464K, 0% used [0x00000000ebe00000,0x00000000ebe00000,0x00000000f3980000)
  from space 91136K, 0% used [0x00000000f9680000,0x00000000f9680000,0x00000000fef80000)
  to   space 95232K, 0% used [0x00000000f3980000,0x00000000f3980000,0x00000000f9680000)
 ParOldGen       total 522752K, used 495160K [0x00000000c3a00000, 0x00000000e3880000, 0x00000000ebe00000)
  object space 522752K, 94% used [0x00000000c3a00000,0x00000000e1d8e368,0x00000000e3880000)
 PSPermGen       total 21504K, used 3492K [0x00000000b9400000, 0x00000000ba900000, 0x00000000c3a00000)
  object space 21504K, 16% used [0x00000000b9400000,0x00000000b97692e8,0x00000000ba900000)

Card table byte_map: [0x00007f36b0156000,0x00007f36b038d000] byte_map_base: 0x00007f36afb8c000

Polling page: 0x00007f36baa5e000

Code Cache  [0x00007f36b038d000, 0x00007f36b05fd000, 0x00007f36b338d000)
 total_blobs=215 nmethods=24 adapters=145 free_code_cache=48731Kb largest_free_block=49884352

Compilation events (10 events):
Event: 12,655 Thread 0x00007f36b40ae000 nmethod 20 0x00007f36b03f2690 code [0x00007f36b03f2800, 0x00007f36b03f2988]
Event: 12,655 Thread 0x00007f36b40ae000   21             java.util.ArrayList::ensureCapacityInternal (23 bytes)
Event: 12,657 Thread 0x00007f36b40ae000 nmethod 21 0x00007f36b03f2350 code [0x00007f36b03f24a0, 0x00007f36b03f2568]
Event: 12,657 Thread 0x00007f36b40ae000   22             java.util.ArrayList::ensureExplicitCapacity (26 bytes)
Event: 12,658 Thread 0x00007f36b40ae000 nmethod 22 0x00007f36b03f2090 code [0x00007f36b03f21e0, 0x00007f36b03f2288]
Event: 12,658 Thread 0x00007f36b40ae000   23             java.lang.String::<init> (17 bytes)
Event: 12,659 Thread 0x00007f36b40ae000 nmethod 23 0x00007f36b03f5b50 code [0x00007f36b03f5ca0, 0x00007f36b03f5d78]
Event: 12,710 Thread 0x00007f36b40ab000 nmethod 19% 0x00007f36b03f4150 code [0x00007f36b03f4380, 0x00007f36b03f4ed8]
Event: 12,710 Thread 0x00007f36b40ae000   24 %           projet.Demander::convert @ 5 (91 bytes)
Event: 12,988 Thread 0x00007f36b40ae000 nmethod 24% 0x00007f36b03f66d0 code [0x00007f36b03f6900, 0x00007f36b03f7458]

GC Heap History (10 events):
Event: 45,719 GC heap after
Heap after GC invocations=28 (full 6):
 PSYoungGen      total 218112K, used 18496K [0x00000000ebe00000, 0x00000000ffe00000, 0x0000000100000000)
  eden space 110592K, 0% used [0x00000000ebe00000,0x00000000ebe00000,0x00000000f2a00000)
  from space 107520K, 17% used [0x00000000f9500000,0x00000000fa710000,0x00000000ffe00000)
  to   space 108544K, 0% used [0x00000000f2a00000,0x00000000f2a00000,0x00000000f9400000)
 ParOldGen       total 522752K, used 391212K [0x00000000c3a00000, 0x00000000e3880000, 0x00000000ebe00000)
  object space 522752K, 74% used [0x00000000c3a00000,0x00000000db80b020,0x00000000e3880000)
 PSPermGen       total 21504K, used 3492K [0x00000000b9400000, 0x00000000ba900000, 0x00000000c3a00000)
  object space 21504K, 16% used [0x00000000b9400000,0x00000000b97692e8,0x00000000ba900000)
}
Event: 45,951 GC heap before
{Heap before GC invocations=29 (full 6):
 PSYoungGen      total 218112K, used 129088K [0x00000000ebe00000, 0x00000000ffe00000, 0x0000000100000000)
  eden space 110592K, 100% used [0x00000000ebe00000,0x00000000f2a00000,0x00000000f2a00000)
  from space 107520K, 17% used [0x00000000f9500000,0x00000000fa710000,0x00000000ffe00000)
  to   space 108544K, 0% used [0x00000000f2a00000,0x00000000f2a00000,0x00000000f9400000)
 ParOldGen       total 522752K, used 391212K [0x00000000c3a00000, 0x00000000e3880000, 0x00000000ebe00000)
  object space 522752K, 74% used [0x00000000c3a00000,0x00000000db80b020,0x00000000e3880000)
 PSPermGen       total 21504K, used 3492K [0x00000000b9400000, 0x00000000ba900000, 0x00000000c3a00000)
  object space 21504K, 16% used [0x00000000b9400000,0x00000000b97692e8,0x00000000ba900000)
Event: 46,408 GC heap after
Heap after GC invocations=29 (full 6):
 PSYoungGen      total 147968K, used 36992K [0x00000000ebe00000, 0x00000000ff500000, 0x0000000100000000)
  eden space 110592K, 0% used [0x00000000ebe00000,0x00000000ebe00000,0x00000000f2a00000)
  from space 37376K, 98% used [0x00000000f2a00000,0x00000000f4e20000,0x00000000f4e80000)
  to   space 102400K, 0% used [0x00000000f9100000,0x00000000f9100000,0x00000000ff500000)
 ParOldGen       total 522752K, used 391212K [0x00000000c3a00000, 0x00000000e3880000, 0x00000000ebe00000)
  object space 522752K, 74% used [0x00000000c3a00000,0x00000000db80b020,0x00000000e3880000)
 PSPermGen       total 21504K, used 3492K [0x00000000b9400000, 0x00000000ba900000, 0x00000000c3a00000)
  object space 21504K, 16% used [0x00000000b9400000,0x00000000b97692e8,0x00000000ba900000)
}
Event: 46,535 GC heap before
{Heap before GC invocations=30 (full 6):
 PSYoungGen      total 147968K, used 147584K [0x00000000ebe00000, 0x00000000ff500000, 0x0000000100000000)
  eden space 110592K, 100% used [0x00000000ebe00000,0x00000000f2a00000,0x00000000f2a00000)
  from space 37376K, 98% used [0x00000000f2a00000,0x00000000f4e20000,0x00000000f4e80000)
  to   space 102400K, 0% used [0x00000000f9100000,0x00000000f9100000,0x00000000ff500000)
 ParOldGen       total 522752K, used 391212K [0x00000000c3a00000, 0x00000000e3880000, 0x00000000ebe00000)
  object space 522752K, 74% used [0x00000000c3a00000,0x00000000db80b020,0x00000000e3880000)
 PSPermGen       total 21504K, used 3492K [0x00000000b9400000, 0x00000000ba900000, 0x00000000c3a00000)
  object space 21504K, 16% used [0x00000000b9400000,0x00000000b97692e8,0x00000000ba900000)
Event: 47,108 GC heap after
Heap after GC invocations=30 (full 6):
 PSYoungGen      total 221696K, used 36960K [0x00000000ebe00000, 0x0000000100000000, 0x0000000100000000)
  eden space 119296K, 0% used [0x00000000ebe00000,0x00000000ebe00000,0x00000000f3280000)
  from space 102400K, 36% used [0x00000000f9100000,0x00000000fb518000,0x00000000ff500000)
  to   space 96768K, 0% used [0x00000000f3280000,0x00000000f3280000,0x00000000f9100000)
 ParOldGen       total 522752K, used 409732K [0x00000000c3a00000, 0x00000000e3880000, 0x00000000ebe00000)
  object space 522752K, 78% used [0x00000000c3a00000,0x00000000dca21020,0x00000000e3880000)
 PSPermGen       total 21504K, used 3492K [0x00000000b9400000, 0x00000000ba900000, 0x00000000c3a00000)
  object space 21504K, 16% used [0x00000000b9400000,0x00000000b97692e8,0x00000000ba900000)
}
Event: 47,265 GC heap before
{Heap before GC invocations=31 (full 6):
 PSYoungGen      total 221696K, used 156256K [0x00000000ebe00000, 0x0000000100000000, 0x0000000100000000)
  eden space 119296K, 100% used [0x00000000ebe00000,0x00000000f3280000,0x00000000f3280000)
  from space 102400K, 36% used [0x00000000f9100000,0x00000000fb518000,0x00000000ff500000)
  to   space 96768K, 0% used [0x00000000f3280000,0x00000000f3280000,0x00000000f9100000)
 ParOldGen       total 522752K, used 409732K [0x00000000c3a00000, 0x00000000e3880000, 0x00000000ebe00000)
  object space 522752K, 78% used [0x00000000c3a00000,0x00000000dca21020,0x00000000e3880000)
 PSPermGen       total 21504K, used 3492K [0x00000000b9400000, 0x00000000ba900000, 0x00000000c3a00000)
  object space 21504K, 16% used [0x00000000b9400000,0x00000000b97692e8,0x00000000ba900000)
Event: 48,209 GC heap after
Heap after GC invocations=31 (full 6):
 PSYoungGen      total 216064K, used 38432K [0x00000000ebe00000, 0x00000000fef80000, 0x0000000100000000)
  eden space 119296K, 0% used [0x00000000ebe00000,0x00000000ebe00000,0x00000000f3280000)
  from space 96768K, 39% used [0x00000000f3280000,0x00000000f5808000,0x00000000f9100000)
  to   space 91136K, 0% used [0x00000000f9680000,0x00000000f9680000,0x00000000fef80000)
 ParOldGen       total 522752K, used 428252K [0x00000000c3a00000, 0x00000000e3880000, 0x00000000ebe00000)
  object space 522752K, 81% used [0x00000000c3a00000,0x00000000ddc37020,0x00000000e3880000)
 PSPermGen       total 21504K, used 3492K [0x00000000b9400000, 0x00000000ba900000, 0x00000000c3a00000)
  object space 21504K, 16% used [0x00000000b9400000,0x00000000b97692e8,0x00000000ba900000)
}
Event: 48,418 GC heap before
{Heap before GC invocations=32 (full 6):
 PSYoungGen      total 216064K, used 157728K [0x00000000ebe00000, 0x00000000fef80000, 0x0000000100000000)
  eden space 119296K, 100% used [0x00000000ebe00000,0x00000000f3280000,0x00000000f3280000)
  from space 96768K, 39% used [0x00000000f3280000,0x00000000f5808000,0x00000000f9100000)
  to   space 91136K, 0% used [0x00000000f9680000,0x00000000f9680000,0x00000000fef80000)
 ParOldGen       total 522752K, used 428252K [0x00000000c3a00000, 0x00000000e3880000, 0x00000000ebe00000)
  object space 522752K, 81% used [0x00000000c3a00000,0x00000000ddc37020,0x00000000e3880000)
 PSPermGen       total 21504K, used 3492K [0x00000000b9400000, 0x00000000ba900000, 0x00000000c3a00000)
  object space 21504K, 16% used [0x00000000b9400000,0x00000000b97692e8,0x00000000ba900000)
Event: 48,868 GC heap after
Heap after GC invocations=32 (full 6):
 PSYoungGen      total 217600K, used 65026K [0x00000000ebe00000, 0x0000000100000000, 0x0000000100000000)
  eden space 126464K, 0% used [0x00000000ebe00000,0x00000000ebe00000,0x00000000f3980000)
  from space 91136K, 71% used [0x00000000f9680000,0x00000000fd600a88,0x00000000fef80000)
  to   space 95232K, 0% used [0x00000000f3980000,0x00000000f3980000,0x00000000f9680000)
 ParOldGen       total 522752K, used 466732K [0x00000000c3a00000, 0x00000000e3880000, 0x00000000ebe00000)
  object space 522752K, 89% used [0x00000000c3a00000,0x00000000e01cb020,0x00000000e3880000)
 PSPermGen       total 21504K, used 3492K [0x00000000b9400000, 0x00000000ba900000, 0x00000000c3a00000)
  object space 21504K, 16% used [0x00000000b9400000,0x00000000b97692e8,0x00000000ba900000)
}
Event: 48,868 GC heap before
{Heap before GC invocations=33 (full 7):
 PSYoungGen      total 217600K, used 65026K [0x00000000ebe00000, 0x0000000100000000, 0x0000000100000000)
  eden space 126464K, 0% used [0x00000000ebe00000,0x00000000ebe00000,0x00000000f3980000)
  from space 91136K, 71% used [0x00000000f9680000,0x00000000fd600a88,0x00000000fef80000)
  to   space 95232K, 0% used [0x00000000f3980000,0x00000000f3980000,0x00000000f9680000)
 ParOldGen       total 522752K, used 466732K [0x00000000c3a00000, 0x00000000e3880000, 0x00000000ebe00000)
  object space 522752K, 89% used [0x00000000c3a00000,0x00000000e01cb020,0x00000000e3880000)
 PSPermGen       total 21504K, used 3492K [0x00000000b9400000, 0x00000000ba900000, 0x00000000c3a00000)
  object space 21504K, 16% used [0x00000000b9400000,0x00000000b97692e8,0x00000000ba900000)

Deoptimization events (0 events):
No events

Internal exceptions (10 events):
Event: 0,196 Thread 0x00007f36b400a000 Threw 0x00000000ebe3fb78 at /build/buildd/openjdk-7-7u79-2.5.5/build/openjdk/hotspot/src/share/vm/prims/jvm.cpp:1284
Event: 0,196 Thread 0x00007f36b400a000 Threw 0x00000000ebe3fca0 at /build/buildd/openjdk-7-7u79-2.5.5/build/openjdk/hotspot/src/share/vm/prims/jvm.cpp:1284
Event: 0,205 Thread 0x00007f36b400a000 Threw 0x00000000ebe493f8 at /build/buildd/openjdk-7-7u79-2.5.5/build/openjdk/hotspot/src/share/vm/prims/jvm.cpp:1284
Event: 0,216 Thread 0x00007f36b400a000 Threw 0x00000000ebe50008 at /build/buildd/openjdk-7-7u79-2.5.5/build/openjdk/hotspot/src/share/vm/prims/jvm.cpp:1284
Event: 0,236 Thread 0x00007f36b400a000 Threw 0x00000000ebe6dd70 at /build/buildd/openjdk-7-7u79-2.5.5/build/openjdk/hotspot/src/share/vm/prims/jvm.cpp:1284
Event: 0,236 Thread 0x00007f36b400a000 Threw 0x00000000ebe6de98 at /build/buildd/openjdk-7-7u79-2.5.5/build/openjdk/hotspot/src/share/vm/prims/jvm.cpp:1284
Event: 0,236 Thread 0x00007f36b400a000 Threw 0x00000000ebe70448 at /build/buildd/openjdk-7-7u79-2.5.5/build/openjdk/hotspot/src/share/vm/prims/jvm.cpp:1284
Event: 0,236 Thread 0x00007f36b400a000 Threw 0x00000000ebe70570 at /build/buildd/openjdk-7-7u79-2.5.5/build/openjdk/hotspot/src/share/vm/prims/jvm.cpp:1284
Event: 0,237 Thread 0x00007f36b400a000 Threw 0x00000000ebe70e70 at /build/buildd/openjdk-7-7u79-2.5.5/build/openjdk/hotspot/src/share/vm/prims/jvm.cpp:1284
Event: 0,237 Thread 0x00007f36b400a000 Threw 0x00000000ebe70f98 at /build/buildd/openjdk-7-7u79-2.5.5/build/openjdk/hotspot/src/share/vm/prims/jvm.cpp:1284

Events (10 events):
Event: 44,875 Executing VM operation: ParallelGCFailedAllocation done
Event: 45,039 Executing VM operation: ParallelGCFailedAllocation
Event: 45,719 Executing VM operation: ParallelGCFailedAllocation done
Event: 45,951 Executing VM operation: ParallelGCFailedAllocation
Event: 46,408 Executing VM operation: ParallelGCFailedAllocation done
Event: 46,535 Executing VM operation: ParallelGCFailedAllocation
Event: 47,108 Executing VM operation: ParallelGCFailedAllocation done
Event: 47,265 Executing VM operation: ParallelGCFailedAllocation
Event: 48,209 Executing VM operation: ParallelGCFailedAllocation done
Event: 48,418 Executing VM operation: ParallelGCFailedAllocation


Dynamic libraries:
00400000-00401000 r-xp 00000000 08:08 1841025                            /usr/lib/jvm/java-7-openjdk-amd64/jre/bin/java
00600000-00601000 r--p 00000000 08:08 1841025                            /usr/lib/jvm/java-7-openjdk-amd64/jre/bin/java
00601000-00602000 rw-p 00001000 08:08 1841025                            /usr/lib/jvm/java-7-openjdk-amd64/jre/bin/java
0090f000-00930000 rw-p 00000000 00:00 0                                  [heap]
b9400000-ba900000 rw-p 00000000 00:00 0 
ba900000-c3a00000 rw-p 00000000 00:00 0 
c3a00000-e3880000 rw-p 00000000 00:00 0 
eb680000-ebe00000 rw-p 00000000 00:00 0 
ebe00000-100000000 rw-p 00000000 00:00 0 
7f3678000000-7f3678021000 rw-p 00000000 00:00 0 
7f3678021000-7f367c000000 ---p 00000000 00:00 0 
7f367c000000-7f367c161000 rw-p 00000000 00:00 0 
7f367c161000-7f3680000000 ---p 00000000 00:00 0 
7f3680000000-7f3680021000 rw-p 00000000 00:00 0 
7f3680021000-7f3684000000 ---p 00000000 00:00 0 
7f3684000000-7f3684021000 rw-p 00000000 00:00 0 
7f3684021000-7f3688000000 ---p 00000000 00:00 0 
7f3688000000-7f368815d000 rw-p 00000000 00:00 0 
7f368815d000-7f368c000000 ---p 00000000 00:00 0 
7f368c000000-7f368c021000 rw-p 00000000 00:00 0 
7f368c021000-7f3690000000 ---p 00000000 00:00 0 
7f3690000000-7f3690021000 rw-p 00000000 00:00 0 
7f3690021000-7f3694000000 ---p 00000000 00:00 0 
7f36973dc000-7f3697616000 rw-p 00000000 00:00 0 
7f3697616000-7f3697617000 ---p 00000000 00:00 0 
7f3697617000-7f3697717000 rw-p 00000000 00:00 0                          [stack:7803]
7f3697717000-7f369771a000 ---p 00000000 00:00 0 
7f369771a000-7f3697818000 rw-p 00000000 00:00 0                          [stack:7802]
7f3697818000-7f369781b000 ---p 00000000 00:00 0 
7f369781b000-7f3697919000 rw-p 00000000 00:00 0                          [stack:7801]
7f3697919000-7f3698000000 r--p 00000000 08:08 1843191                    /usr/lib/locale/locale-archive
7f3698000000-7f3698543000 rw-p 00000000 00:00 0 
7f3698543000-7f369c000000 ---p 00000000 00:00 0 
7f369c000000-7f369c021000 rw-p 00000000 00:00 0 
7f369c021000-7f36a0000000 ---p 00000000 00:00 0 
7f36a0000000-7f36a08ab000 rw-p 00000000 00:00 0 
7f36a08ab000-7f36a4000000 ---p 00000000 00:00 0 
7f36a4000000-7f36a47b3000 rw-p 00000000 00:00 0 
7f36a47b3000-7f36a8000000 ---p 00000000 00:00 0 
7f36a8000000-7f36a853b000 rw-p 00000000 00:00 0 
7f36a853b000-7f36ac000000 ---p 00000000 00:00 0 
7f36ac033000-7f36ac059000 r--p 00000000 08:08 2239707                    /usr/share/locale-langpack/fr/LC_MESSAGES/libc.mo
7f36ac059000-7f36ac05c000 ---p 00000000 00:00 0 
7f36ac05c000-7f36ac15a000 rw-p 00000000 00:00 0                          [stack:7800]
7f36ac15a000-7f36ac15d000 ---p 00000000 00:00 0 
7f36ac15d000-7f36ac25b000 rw-p 00000000 00:00 0                          [stack:7799]
7f36ac25b000-7f36ac25e000 ---p 00000000 00:00 0 
7f36ac25e000-7f36ac35c000 rw-p 00000000 00:00 0                          [stack:7798]
7f36ac35c000-7f36ac35f000 ---p 00000000 00:00 0 
7f36ac35f000-7f36ac45d000 rw-p 00000000 00:00 0                          [stack:7797]
7f36ac45d000-7f36ac45e000 ---p 00000000 00:00 0 
7f36ac45e000-7f36ad53a000 rw-p 00000000 00:00 0                          [stack:7796]
7f36ad53a000-7f36ad6eb000 r--s 01d27000 08:08 1977709                    /usr/lib/jvm/java-7-openjdk-amd64/jre/lib/rt.jar
7f36ad6eb000-7f36afd52000 rw-p 00000000 00:00 0 
7f36afd52000-7f36afd53000 ---p 00000000 00:00 0 
7f36afd53000-7f36afe53000 rw-p 00000000 00:00 0                          [stack:7795]
7f36afe53000-7f36afe54000 ---p 00000000 00:00 0 
7f36afe54000-7f36aff54000 rw-p 00000000 00:00 0                          [stack:7793]
7f36aff54000-7f36aff55000 ---p 00000000 00:00 0 
7f36aff55000-7f36b0055000 rw-p 00000000 00:00 0                          [stack:7792]
7f36b0055000-7f36b0056000 ---p 00000000 00:00 0 
7f36b0056000-7f36b0161000 rw-p 00000000 00:00 0                          [stack:7789]
7f36b0161000-7f36b01a9000 rw-p 00000000 00:00 0 
7f36b01a9000-7f36b02a9000 rw-p 00000000 00:00 0 
7f36b02a9000-7f36b02eb000 rw-p 00000000 00:00 0 
7f36b02eb000-7f36b038c000 rw-p 00000000 00:00 0 
7f36b038c000-7f36b038d000 rw-p 00000000 00:00 0 
7f36b038d000-7f36b05fd000 rwxp 00000000 00:00 0 
7f36b05fd000-7f36b338d000 rw-p 00000000 00:00 0 
7f36b338d000-7f36b3395000 r-xp 00000000 08:08 1977684                    /usr/lib/jvm/java-7-openjdk-amd64/jre/lib/amd64/libzip.so
7f36b3395000-7f36b3594000 ---p 00008000 08:08 1977684                    /usr/lib/jvm/java-7-openjdk-amd64/jre/lib/amd64/libzip.so
7f36b3594000-7f36b3595000 r--p 00007000 08:08 1977684                    /usr/lib/jvm/java-7-openjdk-amd64/jre/lib/amd64/libzip.so
7f36b3595000-7f36b3596000 rw-p 00008000 08:08 1977684                    /usr/lib/jvm/java-7-openjdk-amd64/jre/lib/amd64/libzip.so
7f36b3596000-7f36b35a1000 r-xp 00000000 08:08 2363871                    /lib/x86_64-linux-gnu/libnss_files-2.19.so
7f36b35a1000-7f36b37a0000 ---p 0000b000 08:08 2363871                    /lib/x86_64-linux-gnu/libnss_files-2.19.so
7f36b37a0000-7f36b37a1000 r--p 0000a000 08:08 2363871                    /lib/x86_64-linux-gnu/libnss_files-2.19.so
7f36b37a1000-7f36b37a2000 rw-p 0000b000 08:08 2363871                    /lib/x86_64-linux-gnu/libnss_files-2.19.so
7f36b37a2000-7f36b37ad000 r-xp 00000000 08:08 2364832                    /lib/x86_64-linux-gnu/libnss_nis-2.19.so
7f36b37ad000-7f36b39ac000 ---p 0000b000 08:08 2364832                    /lib/x86_64-linux-gnu/libnss_nis-2.19.so
7f36b39ac000-7f36b39ad000 r--p 0000a000 08:08 2364832                    /lib/x86_64-linux-gnu/libnss_nis-2.19.so
7f36b39ad000-7f36b39ae000 rw-p 0000b000 08:08 2364832                    /lib/x86_64-linux-gnu/libnss_nis-2.19.so
7f36b39ae000-7f36b39c5000 r-xp 00000000 08:08 2364119                    /lib/x86_64-linux-gnu/libnsl-2.19.so
7f36b39c5000-7f36b3bc4000 ---p 00017000 08:08 2364119                    /lib/x86_64-linux-gnu/libnsl-2.19.so
7f36b3bc4000-7f36b3bc5000 r--p 00016000 08:08 2364119                    /lib/x86_64-linux-gnu/libnsl-2.19.so
7f36b3bc5000-7f36b3bc6000 rw-p 00017000 08:08 2364119                    /lib/x86_64-linux-gnu/libnsl-2.19.so
7f36b3bc6000-7f36b3bc8000 rw-p 00000000 00:00 0 
7f36b3bc8000-7f36b3bd1000 r-xp 00000000 08:08 2364043                    /lib/x86_64-linux-gnu/libnss_compat-2.19.so
7f36b3bd1000-7f36b3dd0000 ---p 00009000 08:08 2364043                    /lib/x86_64-linux-gnu/libnss_compat-2.19.so
7f36b3dd0000-7f36b3dd1000 r--p 00008000 08:08 2364043                    /lib/x86_64-linux-gnu/libnss_compat-2.19.so
7f36b3dd1000-7f36b3dd2000 rw-p 00009000 08:08 2364043                    /lib/x86_64-linux-gnu/libnss_compat-2.19.so
7f36b3dd2000-7f36b3dfd000 r-xp 00000000 08:08 1977701                    /usr/lib/jvm/java-7-openjdk-amd64/jre/lib/amd64/libjava.so
7f36b3dfd000-7f36b3ffd000 ---p 0002b000 08:08 1977701                    /usr/lib/jvm/java-7-openjdk-amd64/jre/lib/amd64/libjava.so
7f36b3ffd000-7f36b3ffe000 r--p 0002b000 08:08 1977701                    /usr/lib/jvm/java-7-openjdk-amd64/jre/lib/amd64/libjava.so
7f36b3ffe000-7f36b4000000 rw-p 0002c000 08:08 1977701                    /usr/lib/jvm/java-7-openjdk-amd64/jre/lib/amd64/libjava.so
7f36b4000000-7f36b4142000 rw-p 00000000 00:00 0 
7f36b4142000-7f36b8000000 ---p 00000000 00:00 0 
7f36b800f000-7f36b8016000 r--s 00000000 08:08 2103206                    /usr/lib/x86_64-linux-gnu/gconv/gconv-modules.cache
7f36b8016000-7f36b806a000 rw-p 00000000 00:00 0 
7f36b806a000-7f36b80b2000 rw-p 00000000 00:00 0 
7f36b80b2000-7f36b81b2000 rw-p 00000000 00:00 0 
7f36b81b2000-7f36b81f4000 rw-p 00000000 00:00 0 
7f36b81f4000-7f36b8204000 r-xp 00000000 08:08 1977698                    /usr/lib/jvm/java-7-openjdk-amd64/jre/lib/amd64/libverify.so
7f36b8204000-7f36b8403000 ---p 00010000 08:08 1977698                    /usr/lib/jvm/java-7-openjdk-amd64/jre/lib/amd64/libverify.so
7f36b8403000-7f36b8405000 r--p 0000f000 08:08 1977698                    /usr/lib/jvm/java-7-openjdk-amd64/jre/lib/amd64/libverify.so
7f36b8405000-7f36b8406000 rw-p 00011000 08:08 1977698                    /usr/lib/jvm/java-7-openjdk-amd64/jre/lib/amd64/libverify.so
7f36b8406000-7f36b840d000 r-xp 00000000 08:08 2364786                    /lib/x86_64-linux-gnu/librt-2.19.so
7f36b840d000-7f36b860c000 ---p 00007000 08:08 2364786                    /lib/x86_64-linux-gnu/librt-2.19.so
7f36b860c000-7f36b860d000 r--p 00006000 08:08 2364786                    /lib/x86_64-linux-gnu/librt-2.19.so
7f36b860d000-7f36b860e000 rw-p 00007000 08:08 2364786                    /lib/x86_64-linux-gnu/librt-2.19.so
7f36b860e000-7f36b8624000 r-xp 00000000 08:08 2363620                    /lib/x86_64-linux-gnu/libgcc_s.so.1
7f36b8624000-7f36b8823000 ---p 00016000 08:08 2363620                    /lib/x86_64-linux-gnu/libgcc_s.so.1
7f36b8823000-7f36b8824000 rw-p 00015000 08:08 2363620                    /lib/x86_64-linux-gnu/libgcc_s.so.1
7f36b8824000-7f36b8929000 r-xp 00000000 08:08 2363608                    /lib/x86_64-linux-gnu/libm-2.19.so
7f36b8929000-7f36b8b28000 ---p 00105000 08:08 2363608                    /lib/x86_64-linux-gnu/libm-2.19.so
7f36b8b28000-7f36b8b29000 r--p 00104000 08:08 2363608                    /lib/x86_64-linux-gnu/libm-2.19.so
7f36b8b29000-7f36b8b2a000 rw-p 00105000 08:08 2363608                    /lib/x86_64-linux-gnu/libm-2.19.so
7f36b8b2a000-7f36b8c10000 r-xp 00000000 08:08 1845524                    /usr/lib/x86_64-linux-gnu/libstdc++.so.6.0.19
7f36b8c10000-7f36b8e0f000 ---p 000e6000 08:08 1845524                    /usr/lib/x86_64-linux-gnu/libstdc++.so.6.0.19
7f36b8e0f000-7f36b8e17000 r--p 000e5000 08:08 1845524                    /usr/lib/x86_64-linux-gnu/libstdc++.so.6.0.19
7f36b8e17000-7f36b8e19000 rw-p 000ed000 08:08 1845524                    /usr/lib/x86_64-linux-gnu/libstdc++.so.6.0.19
7f36b8e19000-7f36b8e2e000 rw-p 00000000 00:00 0 
7f36b8e2e000-7f36b9946000 r-xp 00000000 08:08 1977707                    /usr/lib/jvm/java-7-openjdk-amd64/jre/lib/amd64/server/libjvm.so
7f36b9946000-7f36b9b46000 ---p 00b18000 08:08 1977707                    /usr/lib/jvm/java-7-openjdk-amd64/jre/lib/amd64/server/libjvm.so
7f36b9b46000-7f36b9be0000 r--p 00b18000 08:08 1977707                    /usr/lib/jvm/java-7-openjdk-amd64/jre/lib/amd64/server/libjvm.so
7f36b9be0000-7f36b9c03000 rw-p 00bb2000 08:08 1977707                    /usr/lib/jvm/java-7-openjdk-amd64/jre/lib/amd64/server/libjvm.so
7f36b9c03000-7f36b9c31000 rw-p 00000000 00:00 0 
7f36b9c31000-7f36b9c49000 r-xp 00000000 08:08 2363756                    /lib/x86_64-linux-gnu/libz.so.1.2.8
7f36b9c49000-7f36b9e48000 ---p 00018000 08:08 2363756                    /lib/x86_64-linux-gnu/libz.so.1.2.8
7f36b9e48000-7f36b9e49000 r--p 00017000 08:08 2363756                    /lib/x86_64-linux-gnu/libz.so.1.2.8
7f36b9e49000-7f36b9e4a000 rw-p 00018000 08:08 2363756                    /lib/x86_64-linux-gnu/libz.so.1.2.8
7f36b9e4a000-7f36b9e63000 r-xp 00000000 08:08 2364784                    /lib/x86_64-linux-gnu/libpthread-2.19.so
7f36b9e63000-7f36ba062000 ---p 00019000 08:08 2364784                    /lib/x86_64-linux-gnu/libpthread-2.19.so
7f36ba062000-7f36ba063000 r--p 00018000 08:08 2364784                    /lib/x86_64-linux-gnu/libpthread-2.19.so
7f36ba063000-7f36ba064000 rw-p 00019000 08:08 2364784                    /lib/x86_64-linux-gnu/libpthread-2.19.so
7f36ba064000-7f36ba068000 rw-p 00000000 00:00 0 
7f36ba068000-7f36ba06b000 r-xp 00000000 08:08 2363905                    /lib/x86_64-linux-gnu/libdl-2.19.so
7f36ba06b000-7f36ba26a000 ---p 00003000 08:08 2363905                    /lib/x86_64-linux-gnu/libdl-2.19.so
7f36ba26a000-7f36ba26b000 r--p 00002000 08:08 2363905                    /lib/x86_64-linux-gnu/libdl-2.19.so
7f36ba26b000-7f36ba26c000 rw-p 00003000 08:08 2363905                    /lib/x86_64-linux-gnu/libdl-2.19.so
7f36ba26c000-7f36ba427000 r-xp 00000000 08:08 2364542                    /lib/x86_64-linux-gnu/libc-2.19.so
7f36ba427000-7f36ba626000 ---p 001bb000 08:08 2364542                    /lib/x86_64-linux-gnu/libc-2.19.so
7f36ba626000-7f36ba62a000 r--p 001ba000 08:08 2364542                    /lib/x86_64-linux-gnu/libc-2.19.so
7f36ba62a000-7f36ba62c000 rw-p 001be000 08:08 2364542                    /lib/x86_64-linux-gnu/libc-2.19.so
7f36ba62c000-7f36ba631000 rw-p 00000000 00:00 0 
7f36ba631000-7f36ba63e000 r-xp 00000000 08:08 1977676                    /usr/lib/jvm/java-7-openjdk-amd64/jre/lib/amd64/jli/libjli.so
7f36ba63e000-7f36ba83d000 ---p 0000d000 08:08 1977676                    /usr/lib/jvm/java-7-openjdk-amd64/jre/lib/amd64/jli/libjli.so
7f36ba83d000-7f36ba83e000 r--p 0000c000 08:08 1977676                    /usr/lib/jvm/java-7-openjdk-amd64/jre/lib/amd64/jli/libjli.so
7f36ba83e000-7f36ba83f000 rw-p 0000d000 08:08 1977676                    /usr/lib/jvm/java-7-openjdk-amd64/jre/lib/amd64/jli/libjli.so
7f36ba83f000-7f36ba862000 r-xp 00000000 08:08 2364121                    /lib/x86_64-linux-gnu/ld-2.19.so
7f36ba863000-7f36ba884000 rw-p 00000000 00:00 0 
7f36ba884000-7f36ba93a000 rw-p 00000000 00:00 0 
7f36ba93a000-7f36ba93d000 ---p 00000000 00:00 0 
7f36ba93d000-7f36baa40000 rw-p 00000000 00:00 0                          [stack:7788]
7f36baa41000-7f36baa42000 rw-p 00000000 00:00 0 
7f36baa42000-7f36baa46000 r--s 00034000 08:08 1977717                    /usr/lib/jvm/java-7-openjdk-amd64/jre/lib/ext/sunjce_provider.jar
7f36baa46000-7f36baa48000 r--s 00012000 08:08 1977718                    /usr/lib/jvm/java-7-openjdk-amd64/jre/lib/ext/zipfs.jar
7f36baa48000-7f36baa4b000 r--s 00086000 08:08 1977716                    /usr/lib/jvm/java-7-openjdk-amd64/jre/lib/ext/localedata.jar
7f36baa4b000-7f36baa4d000 r--s 00006000 08:08 2239326                    /usr/share/java/java-atk-wrapper.jar
7f36baa4d000-7f36baa51000 r--s 0003c000 08:08 1977715                    /usr/lib/jvm/java-7-openjdk-amd64/jre/lib/ext/sunpkcs11.jar
7f36baa51000-7f36baa54000 r--s 0000f000 08:08 1977713                    /usr/lib/jvm/java-7-openjdk-amd64/jre/lib/ext/icedtea-sound.jar
7f36baa54000-7f36baa55000 r--s 00002000 08:08 1977714                    /usr/lib/jvm/java-7-openjdk-amd64/jre/lib/ext/dnsns.jar
7f36baa55000-7f36baa5d000 rw-s 00000000 08:08 1703946                    /tmp/hsperfdata_nicolas/7786
7f36baa5d000-7f36baa5e000 rw-p 00000000 00:00 0 
7f36baa5e000-7f36baa5f000 ---p 00000000 00:00 0 
7f36baa5f000-7f36baa61000 rw-p 00000000 00:00 0 
7f36baa61000-7f36baa62000 r--p 00022000 08:08 2364121                    /lib/x86_64-linux-gnu/ld-2.19.so
7f36baa62000-7f36baa63000 rw-p 00023000 08:08 2364121                    /lib/x86_64-linux-gnu/ld-2.19.so
7f36baa63000-7f36baa64000 rw-p 00000000 00:00 0 
7ffd7197a000-7ffd7199b000 rw-p 00000000 00:00 0                          [stack]
7ffd719b4000-7ffd719b6000 r-xp 00000000 00:00 0                          [vdso]
7ffd719b6000-7ffd719b8000 r--p 00000000 00:00 0                          [vvar]
ffffffffff600000-ffffffffff601000 r-xp 00000000 00:00 0                  [vsyscall]

VM Arguments:
jvm_args: -Dfile.encoding=UTF-8 
java_command: projet.Demander
Launcher Type: SUN_STANDARD

Environment Variables:
PATH=/usr/local/sbin:/usr/local/bin:/usr/sbin:/usr/bin:/sbin:/bin:/usr/games:/usr/local/games
SHELL=/bin/bash
DISPLAY=:0

Signal Handlers:
SIGSEGV: [libjvm.so+0x94b9a0], sa_mask[0]=0x7ffbfeff, sa_flags=0x10000004
SIGBUS: [libjvm.so+0x94b9a0], sa_mask[0]=0x7ffbfeff, sa_flags=0x10000004
SIGFPE: [libjvm.so+0x7c3880], sa_mask[0]=0x7ffbfeff, sa_flags=0x10000004
SIGPIPE: [libjvm.so+0x7c3880], sa_mask[0]=0x7ffbfeff, sa_flags=0x10000004
SIGXFSZ: [libjvm.so+0x7c3880], sa_mask[0]=0x7ffbfeff, sa_flags=0x10000004
SIGILL: [libjvm.so+0x7c3880], sa_mask[0]=0x7ffbfeff, sa_flags=0x10000004
SIGUSR1: SIG_DFL, sa_mask[0]=0x00000000, sa_flags=0x00000000
SIGUSR2: [libjvm.so+0x7c3720], sa_mask[0]=0x00000004, sa_flags=0x10000004
SIGHUP: [libjvm.so+0x7c3900], sa_mask[0]=0x7ffbfeff, sa_flags=0x10000004
SIGINT: [libjvm.so+0x7c3900], sa_mask[0]=0x7ffbfeff, sa_flags=0x10000004
SIGTERM: [libjvm.so+0x7c3900], sa_mask[0]=0x7ffbfeff, sa_flags=0x10000004
SIGQUIT: [libjvm.so+0x7c3900], sa_mask[0]=0x7ffbfeff, sa_flags=0x10000004
SIGTRAP: SIG_DFL, sa_mask[0]=0x00000000, sa_flags=0x00000000


---------------  S Y S T E M  ---------------

OS:Ubuntu 14.04 (trusty)
uname:Linux 3.16.0-37-generic #51~14.04.1-Ubuntu SMP Wed May 6 15:23:14 UTC 2015 x86_64
libc:glibc 2.19 NPTL 2.19 
rlimit: STACK 8192k, CORE 0k, NPROC 15311, NOFILE 4096, AS infinity
load average:26,22 11,32 5,33

/proc/meminfo:
MemTotal:        3949160 kB
MemFree:          108220 kB
MemAvailable:      52568 kB
Buffers:             328 kB
Cached:           220636 kB
SwapCached:            0 kB
Active:          3453816 kB
Inactive:         199696 kB
Active(anon):    3450608 kB
Inactive(anon):   184728 kB
Active(file):       3208 kB
Inactive(file):    14968 kB
Unevictable:          32 kB
Mlocked:              32 kB
SwapTotal:             0 kB
SwapFree:              0 kB
Dirty:                40 kB
Writeback:             0 kB
AnonPages:       3433268 kB
Mapped:            60844 kB
Shmem:            202120 kB
Slab:              80284 kB
SReclaimable:      39452 kB
SUnreclaim:        40832 kB
KernelStack:       10272 kB
PageTables:        37652 kB
NFS_Unstable:          0 kB
Bounce:                0 kB
WritebackTmp:          0 kB
CommitLimit:     1974580 kB
Committed_AS:    7245168 kB
VmallocTotal:   34359738367 kB
VmallocUsed:      349228 kB
VmallocChunk:   34359380492 kB
HardwareCorrupted:     0 kB
AnonHugePages:    628736 kB
HugePages_Total:       0
HugePages_Free:        0
HugePages_Rsvd:        0
HugePages_Surp:        0
Hugepagesize:       2048 kB
DirectMap4k:       83408 kB
DirectMap2M:     4014080 kB


CPU:total 4 (2 cores per cpu, 2 threads per core) family 6 model 42 stepping 7, cmov, cx8, fxsr, mmx, sse, sse2, sse3, ssse3, sse4.1, sse4.2, popcnt, avx, ht, tsc, tscinvbit

/proc/cpuinfo:
processor	: 0
vendor_id	: GenuineIntel
cpu family	: 6
model		: 42
model name	: Intel(R) Core(TM) i5-2410M CPU @ 2.30GHz
stepping	: 7
microcode	: 0x1a
cpu MHz		: 2699.984
cache size	: 3072 KB
physical id	: 0
siblings	: 4
core id		: 0
cpu cores	: 2
apicid		: 0
initial apicid	: 0
fpu		: yes
fpu_exception	: yes
cpuid level	: 13
wp		: yes
flags		: fpu vme de pse tsc msr pae mce cx8 apic sep mtrr pge mca cmov pat pse36 clflush dts acpi mmx fxsr sse sse2 ss ht tm pbe syscall nx rdtscp lm constant_tsc arch_perfmon pebs bts rep_good nopl xtopology nonstop_tsc aperfmperf eagerfpu pni pclmulqdq dtes64 monitor ds_cpl vmx est tm2 ssse3 cx16 xtpr pdcm pcid sse4_1 sse4_2 x2apic popcnt tsc_deadline_timer xsave avx lahf_lm ida arat epb xsaveopt pln pts dtherm tpr_shadow vnmi flexpriority ept vpid
bogomips	: 4589.65
clflush size	: 64
cache_alignment	: 64
address sizes	: 36 bits physical, 48 bits virtual
power management:

processor	: 1
vendor_id	: GenuineIntel
cpu family	: 6
model		: 42
model name	: Intel(R) Core(TM) i5-2410M CPU @ 2.30GHz
stepping	: 7
microcode	: 0x1a
cpu MHz		: 2699.984
cache size	: 3072 KB
physical id	: 0
siblings	: 4
core id		: 1
cpu cores	: 2
apicid		: 2
initial apicid	: 2
fpu		: yes
fpu_exception	: yes
cpuid level	: 13
wp		: yes
flags		: fpu vme de pse tsc msr pae mce cx8 apic sep mtrr pge mca cmov pat pse36 clflush dts acpi mmx fxsr sse sse2 ss ht tm pbe syscall nx rdtscp lm constant_tsc arch_perfmon pebs bts rep_good nopl xtopology nonstop_tsc aperfmperf eagerfpu pni pclmulqdq dtes64 monitor ds_cpl vmx est tm2 ssse3 cx16 xtpr pdcm pcid sse4_1 sse4_2 x2apic popcnt tsc_deadline_timer xsave avx lahf_lm ida arat epb xsaveopt pln pts dtherm tpr_shadow vnmi flexpriority ept vpid
bogomips	: 4589.65
clflush size	: 64
cache_alignment	: 64
address sizes	: 36 bits physical, 48 bits virtual
power management:

processor	: 2
vendor_id	: GenuineIntel
cpu family	: 6
model		: 42
model name	: Intel(R) Core(TM) i5-2410M CPU @ 2.30GHz
stepping	: 7
microcode	: 0x1a
cpu MHz		: 2699.984
cache size	: 3072 KB
physical id	: 0
siblings	: 4
core id		: 0
cpu cores	: 2
apicid		: 1
initial apicid	: 1
fpu		: yes
fpu_exception	: yes
cpuid level	: 13
wp		: yes
flags		: fpu vme de pse tsc msr pae mce cx8 apic sep mtrr pge mca cmov pat pse36 clflush dts acpi mmx fxsr sse sse2 ss ht tm pbe syscall nx rdtscp lm constant_tsc arch_perfmon pebs bts rep_good nopl xtopology nonstop_tsc aperfmperf eagerfpu pni pclmulqdq dtes64 monitor ds_cpl vmx est tm2 ssse3 cx16 xtpr pdcm pcid sse4_1 sse4_2 x2apic popcnt tsc_deadline_timer xsave avx lahf_lm ida arat epb xsaveopt pln pts dtherm tpr_shadow vnmi flexpriority ept vpid
bogomips	: 4589.65
clflush size	: 64
cache_alignment	: 64
address sizes	: 36 bits physical, 48 bits virtual
power management:

processor	: 3
vendor_id	: GenuineIntel
cpu family	: 6
model		: 42
model name	: Intel(R) Core(TM) i5-2410M CPU @ 2.30GHz
stepping	: 7
microcode	: 0x1a
cpu MHz		: 2699.984
cache size	: 3072 KB
physical id	: 0
siblings	: 4
core id		: 1
cpu cores	: 2
apicid		: 3
initial apicid	: 3
fpu		: yes
fpu_exception	: yes
cpuid level	: 13
wp		: yes
flags		: fpu vme de pse tsc msr pae mce cx8 apic sep mtrr pge mca cmov pat pse36 clflush dts acpi mmx fxsr sse sse2 ss ht tm pbe syscall nx rdtscp lm constant_tsc arch_perfmon pebs bts rep_good nopl xtopology nonstop_tsc aperfmperf eagerfpu pni pclmulqdq dtes64 monitor ds_cpl vmx est tm2 ssse3 cx16 xtpr pdcm pcid sse4_1 sse4_2 x2apic popcnt tsc_deadline_timer xsave avx lahf_lm ida arat epb xsaveopt pln pts dtherm tpr_shadow vnmi flexpriority ept vpid
bogomips	: 4589.65
clflush size	: 64
cache_alignment	: 64
address sizes	: 36 bits physical, 48 bits virtual
power management:



Memory: 4k page, physical 3949160k(108096k free), swap 0k(0k free)

vm_info: OpenJDK 64-Bit Server VM (24.79-b02) for linux-amd64 JRE (1.7.0_79-b14), built on Apr 16 2015 08:21:58 by "buildd" with gcc 4.8.2

time: Sat May  9 13:59:13 2015
elapsed time: 135 seconds

